<?xml version="1.0" encoding="UTF-8"?>
<testsuite xmlns:xsi="http://www.w3.org/2001/XMLSchema-instance" xsi:noNamespaceSchemaLocation="https://maven.apache.org/surefire/maven-surefire-plugin/xsd/surefire-test-report-3.0.xsd" version="3.0" name="com.mycompany.calc.CalcTest" time="0.036" tests="15" errors="0" skipped="0" failures="0">
  <properties>
    <property name="java.specification.version" value="21"/>
    <property name="sun.jnu.encoding" value="UTF-8"/>
    <property name="java.class.path" value="/Users/vinhnguyen/Desktop/SW/HW2 - Java/calc/target/test-classes:/Users/vinhnguyen/Desktop/SW/HW2 - Java/calc/target/classes:/Users/vinhnguyen/.m2/repository/org/junit/jupiter/junit-jupiter-api/5.10.2/junit-jupiter-api-5.10.2.jar:/Users/vinhnguyen/.m2/repository/org/opentest4j/opentest4j/1.3.0/opentest4j-1.3.0.jar:/Users/vinhnguyen/.m2/repository/org/junit/platform/junit-platform-commons/1.10.2/junit-platform-commons-1.10.2.jar:/Users/vinhnguyen/.m2/repository/org/apiguardian/apiguardian-api/1.1.2/apiguardian-api-1.1.2.jar:/Users/vinhnguyen/.m2/repository/org/junit/jupiter/junit-jupiter-params/5.10.2/junit-jupiter-params-5.10.2.jar:/Users/vinhnguyen/.m2/repository/org/junit/jupiter/junit-jupiter-engine/5.10.2/junit-jupiter-engine-5.10.2.jar:/Users/vinhnguyen/.m2/repository/org/junit/platform/junit-platform-engine/1.10.2/junit-platform-engine-1.10.2.jar:"/>
    <property name="java.vm.vendor" value="Oracle Corporation"/>
    <property name="sun.arch.data.model" value="64"/>
    <property name="java.vendor.url" value="https://java.oracle.com/"/>
    <property name="os.name" value="Mac OS X"/>
    <property name="java.vm.specification.version" value="21"/>
    <property name="user.country" value="JP"/>
    <property name="sun.java.launcher" value="SUN_STANDARD"/>
    <property name="sun.boot.library.path" value="/Library/Java/JavaVirtualMachines/jdk-21.jdk/Contents/Home/lib"/>
    <property name="sun.java.command" value="/Users/vinhnguyen/Desktop/SW/HW2 - Java/calc/target/surefire/surefirebooter-20240912204118540_3.jar /Users/vinhnguyen/Desktop/SW/HW2 - Java/calc/target/surefire 2024-09-12T20-41-18_496-jvmRun1 surefire-20240912204118540_1tmp surefire_0-20240912204118540_2tmp"/>
    <property name="http.nonProxyHosts" value="local|*.local|169.254/16|*.169.254/16"/>
    <property name="jdk.debug" value="release"/>
    <property name="surefire.test.class.path" value="/Users/vinhnguyen/Desktop/SW/HW2 - Java/calc/target/test-classes:/Users/vinhnguyen/Desktop/SW/HW2 - Java/calc/target/classes:/Users/vinhnguyen/.m2/repository/org/junit/jupiter/junit-jupiter-api/5.10.2/junit-jupiter-api-5.10.2.jar:/Users/vinhnguyen/.m2/repository/org/opentest4j/opentest4j/1.3.0/opentest4j-1.3.0.jar:/Users/vinhnguyen/.m2/repository/org/junit/platform/junit-platform-commons/1.10.2/junit-platform-commons-1.10.2.jar:/Users/vinhnguyen/.m2/repository/org/apiguardian/apiguardian-api/1.1.2/apiguardian-api-1.1.2.jar:/Users/vinhnguyen/.m2/repository/org/junit/jupiter/junit-jupiter-params/5.10.2/junit-jupiter-params-5.10.2.jar:/Users/vinhnguyen/.m2/repository/org/junit/jupiter/junit-jupiter-engine/5.10.2/junit-jupiter-engine-5.10.2.jar:/Users/vinhnguyen/.m2/repository/org/junit/platform/junit-platform-engine/1.10.2/junit-platform-engine-1.10.2.jar:"/>
    <property name="sun.cpu.endian" value="little"/>
    <property name="user.home" value="/Users/vinhnguyen"/>
    <property name="user.language" value="en"/>
    <property name="java.specification.vendor" value="Oracle Corporation"/>
    <property name="java.version.date" value="2023-10-17"/>
    <property name="java.home" value="/Library/Java/JavaVirtualMachines/jdk-21.jdk/Contents/Home"/>
    <property name="file.separator" value="/"/>
    <property name="basedir" value="/Users/vinhnguyen/Desktop/SW/HW2 - Java/calc"/>
    <property name="java.vm.compressedOopsMode" value="Zero based"/>
    <property name="line.separator" value="&#10;"/>
    <property name="java.vm.specification.vendor" value="Oracle Corporation"/>
    <property name="java.specification.name" value="Java Platform API Specification"/>
    <property name="apple.awt.application.name" value="ForkedBooter"/>
    <property name="surefire.real.class.path" value="/Users/vinhnguyen/Desktop/SW/HW2 - Java/calc/target/surefire/surefirebooter-20240912204118540_3.jar"/>
    <property name="sun.management.compiler" value="HotSpot 64-Bit Tiered Compilers"/>
    <property name="ftp.nonProxyHosts" value="local|*.local|169.254/16|*.169.254/16"/>
    <property name="java.runtime.version" value="21.0.1+12-LTS-29"/>
    <property name="user.name" value="vinhnguyen"/>
    <property name="stdout.encoding" value="UTF-8"/>
    <property name="path.separator" value=":"/>
    <property name="os.version" value="14.0"/>
    <property name="java.runtime.name" value="Java(TM) SE Runtime Environment"/>
    <property name="file.encoding" value="UTF-8"/>
    <property name="java.vm.name" value="Java HotSpot(TM) 64-Bit Server VM"/>
    <property name="maven.ext.class.path" value="/Applications/Apache NetBeans.app/Contents/Resources/netbeans/java/maven-nblib/netbeans-eventspy.jar"/>
    <property name="localRepository" value="/Users/vinhnguyen/.m2/repository"/>
    <property name="java.vendor.url.bug" value="https://bugreport.java.com/bugreport/"/>
    <property name="java.io.tmpdir" value="/var/folders/z_/rmwrknyx3nl4npntg055qdrr0000gn/T/"/>
    <property name="java.version" value="21.0.1"/>
    <property name="user.dir" value="/Users/vinhnguyen/Desktop/SW/HW2 - Java/calc"/>
    <property name="os.arch" value="aarch64"/>
    <property name="java.vm.specification.name" value="Java Virtual Machine Specification"/>
    <property name="native.encoding" value="UTF-8"/>
    <property name="java.library.path" value="/Users/vinhnguyen/Library/Java/Extensions:/Library/Java/Extensions:/Network/Library/Java/Extensions:/System/Library/Java/Extensions:/usr/lib/java:."/>
    <property name="java.vm.info" value="mixed mode, sharing"/>
    <property name="stderr.encoding" value="UTF-8"/>
    <property name="java.vendor" value="Oracle Corporation"/>
    <property name="java.vm.version" value="21.0.1+12-LTS-29"/>
    <property name="sun.io.unicode.encoding" value="UnicodeBig"/>
    <property name="socksNonProxyHosts" value="local|*.local|169.254/16|*.169.254/16"/>
    <property name="java.class.version" value="65.0"/>
  </properties>
  <testcase name="testCountCharacterWithNumbersAndSpaces" classname="com.mycompany.calc.CalcTest" time="0.013">
    <system-out><![CDATA[Testing countCharacter() with numbers and spaces
]]></system-out>
  </testcase>
  <testcase name="testCountVowelsWithEmptyString" classname="com.mycompany.calc.CalcTest" time="0.0">
    <system-out><![CDATA[Testing countVowels() with empty string
]]></system-out>
  </testcase>
  <testcase name="testCountNumWithSpecialCharacters" classname="com.mycompany.calc.CalcTest" time="0.001">
    <system-out><![CDATA[Testing countNum() with special characters
]]></system-out>
  </testcase>
  <testcase name="testCountCharacterWithEmptyString" classname="com.mycompany.calc.CalcTest" time="0.001">
    <system-out><![CDATA[Testing countCharacter() with empty string
]]></system-out>
  </testcase>
  <testcase name="testCountNumWithNoDigits" classname="com.mycompany.calc.CalcTest" time="0.0">
    <system-out><![CDATA[Testing countNum() with no digits
]]></system-out>
  </testcase>
  <testcase name="testCountVowelsWithNull" classname="com.mycompany.calc.CalcTest" time="0.001">
    <system-out><![CDATA[Testing countVowels() with null input
]]></system-out>
  </testcase>
  <testcase name="testCountVowelsWithNoVowels" classname="com.mycompany.calc.CalcTest" time="0.001">
    <system-out><![CDATA[Testing countVowels() with no vowels
]]></system-out>
  </testcase>
  <testcase name="testCountVowelsWithUppercase" classname="com.mycompany.calc.CalcTest" time="0.001">
    <system-out><![CDATA[Testing countVowels() with uppercase and lowercase vowels
]]></system-out>
  </testcase>
  <testcase name="testCountNum" classname="com.mycompany.calc.CalcTest" time="0.001">
    <system-out><![CDATA[Testing countNum() with string having digits
]]></system-out>
  </testcase>
  <testcase name="testCountNumWithNull" classname="com.mycompany.calc.CalcTest" time="0.0">
    <system-out><![CDATA[Testing countNum() with null input
]]></system-out>
  </testcase>
  <testcase name="testCountCharacterWithNull" classname="com.mycompany.calc.CalcTest" time="0.0">
    <system-out><![CDATA[Testing countCharacter() with null input
]]></system-out>
  </testcase>
  <testcase name="testCountVowels" classname="com.mycompany.calc.CalcTest" time="0.001">
    <system-out><![CDATA[Testing countVowels() with normal string
]]></system-out>
  </testcase>
  <testcase name="testCountNumWithEmptyString" classname="com.mycompany.calc.CalcTest" time="0.001">
    <system-out><![CDATA[Testing countNum() with empty string
]]></system-out>
  </testcase>
  <testcase name="testCountCharacterWithSpecialChar" classname="com.mycompany.calc.CalcTest" time="0.001">
    <system-out><![CDATA[Testing countCharacter() with special characters
]]></system-out>
  </testcase>
  <testcase name="testCountCharacter" classname="com.mycompany.calc.CalcTest" time="0.0">
    <system-out><![CDATA[Testing countCharacter() with normal string
]]></system-out>
  </testcase>
</testsuite>